[debug] [2021-01-16T17:47:43.279Z] ----------------------------------------------------------------------
[debug] [2021-01-16T17:47:43.281Z] Command:       /home/shaya/.nvm/versions/node/v14.9.0/bin/node /home/shaya/.nvm/versions/node/v14.9.0/bin/firebase deploy
[debug] [2021-01-16T17:47:43.281Z] CLI Version:   8.11.2
[debug] [2021-01-16T17:47:43.281Z] Platform:      linux
[debug] [2021-01-16T17:47:43.281Z] Node Version:  v14.9.0
[debug] [2021-01-16T17:47:43.292Z] Time:          Sat Jan 16 2021 17:47:43 GMT+0000 (Greenwich Mean Time)
[debug] [2021-01-16T17:47:43.292Z] ----------------------------------------------------------------------
[debug] [2021-01-16T17:47:43.292Z] 
[debug] [2021-01-16T17:47:43.310Z] > command requires scopes: ["email","openid","https://www.googleapis.com/auth/cloudplatformprojects.readonly","https://www.googleapis.com/auth/firebase","https://www.googleapis.com/auth/cloud-platform"]
[debug] [2021-01-16T17:47:43.311Z] > authorizing via signed-in user
[debug] [2021-01-16T17:47:43.311Z] [iam] checking project mindful-peak-performance-7c8d4 for permissions ["datastore.indexes.create","datastore.indexes.delete","datastore.indexes.list","datastore.indexes.update","firebase.projects.get","firebasehosting.sites.update","firebaserules.releases.create","firebaserules.releases.update","firebaserules.rulesets.create"]
[debug] [2021-01-16T17:47:43.315Z] > refreshing access token with scopes: ["email","https://www.googleapis.com/auth/cloud-platform","https://www.googleapis.com/auth/cloudplatformprojects.readonly","https://www.googleapis.com/auth/firebase","openid"]
[debug] [2021-01-16T17:47:43.315Z] >>> HTTP REQUEST POST https://www.googleapis.com/oauth2/v3/token  
 <request body omitted>
[debug] [2021-01-16T17:47:43.625Z] <<< HTTP RESPONSE 200 {"cache-control":"no-cache, no-store, max-age=0, must-revalidate","pragma":"no-cache","date":"Sat, 16 Jan 2021 17:47:43 GMT","expires":"Mon, 01 Jan 1990 00:00:00 GMT","content-type":"application/json; charset=utf-8","vary":"X-Origin, Referer, Origin,Accept-Encoding","server":"scaffolding on HTTPServer2","x-xss-protection":"0","x-frame-options":"SAMEORIGIN","x-content-type-options":"nosniff","alt-svc":"h3-29=\":443\"; ma=2592000,h3-T051=\":443\"; ma=2592000,h3-Q050=\":443\"; ma=2592000,h3-Q046=\":443\"; ma=2592000,h3-Q043=\":443\"; ma=2592000,quic=\":443\"; ma=2592000; v=\"46,43\"","accept-ranges":"none","transfer-encoding":"chunked"}
[debug] [2021-01-16T17:47:43.630Z] >>> HTTP REQUEST POST https://cloudresourcemanager.googleapis.com/v1/projects/mindful-peak-performance-7c8d4:testIamPermissions  
 {"permissions":["datastore.indexes.create","datastore.indexes.delete","datastore.indexes.list","datastore.indexes.update","firebase.projects.get","firebasehosting.sites.update","firebaserules.releases.create","firebaserules.releases.update","firebaserules.rulesets.create"]}
[debug] [2021-01-16T17:47:44.462Z] <<< HTTP RESPONSE 200 {"content-type":"application/json; charset=UTF-8","vary":"X-Origin, Referer, Origin,Accept-Encoding","date":"Sat, 16 Jan 2021 17:47:44 GMT","server":"ESF","cache-control":"private","x-xss-protection":"0","x-frame-options":"SAMEORIGIN","x-content-type-options":"nosniff","server-timing":"gfet4t7; dur=667","alt-svc":"h3-29=\":443\"; ma=2592000,h3-T051=\":443\"; ma=2592000,h3-Q050=\":443\"; ma=2592000,h3-Q046=\":443\"; ma=2592000,h3-Q043=\":443\"; ma=2592000,quic=\":443\"; ma=2592000; v=\"46,43\"","accept-ranges":"none","transfer-encoding":"chunked"}
[debug] [2021-01-16T17:47:44.463Z] [iam] error while checking permissions, command may fail: FirebaseError: Authorization failed. This account is missing the following required permissions on project mindful-peak-performance-7c8d4:

  datastore.indexes.create
  datastore.indexes.delete
  datastore.indexes.list
  datastore.indexes.update
  firebase.projects.get
  firebasehosting.sites.update
  firebaserules.releases.create
  firebaserules.releases.update
  firebaserules.rulesets.create
[debug] [2021-01-16T17:47:44.464Z] >>> HTTP REQUEST GET https://firebase.googleapis.com/v1beta1/projects/mindful-peak-performance-7c8d4  
 
[debug] [2021-01-16T17:47:44.831Z] <<< HTTP RESPONSE 403 {"vary":"X-Origin, Referer, Origin,Accept-Encoding","content-type":"application/json; charset=UTF-8","date":"Sat, 16 Jan 2021 17:47:44 GMT","server":"ESF","cache-control":"private","x-xss-protection":"0","x-frame-options":"SAMEORIGIN","x-content-type-options":"nosniff","alt-svc":"h3-29=\":443\"; ma=2592000,h3-T051=\":443\"; ma=2592000,h3-Q050=\":443\"; ma=2592000,h3-Q046=\":443\"; ma=2592000,h3-Q043=\":443\"; ma=2592000,quic=\":443\"; ma=2592000; v=\"46,43\"","accept-ranges":"none","transfer-encoding":"chunked"}
[debug] [2021-01-16T17:47:44.831Z] <<< HTTP RESPONSE BODY {"error":{"code":403,"message":"The caller does not have permission","status":"PERMISSION_DENIED"}}
[debug] [2021-01-16T17:47:44.833Z] HTTP Error: 403, The caller does not have permission
[debug] [2021-01-16T17:47:45.020Z] FirebaseError: HTTP Error: 403, The caller does not have permission
    at module.exports (/home/shaya/.nvm/versions/node/v14.9.0/lib/node_modules/firebase-tools/lib/responseToError.js:38:12)
    at Request._callback (/home/shaya/.nvm/versions/node/v14.9.0/lib/node_modules/firebase-tools/lib/api.js:41:35)
    at Request.self.callback (/home/shaya/.nvm/versions/node/v14.9.0/lib/node_modules/firebase-tools/node_modules/request/request.js:185:22)
    at Request.emit (events.js:314:20)
    at Request.EventEmitter.emit (domain.js:486:12)
    at Request.<anonymous> (/home/shaya/.nvm/versions/node/v14.9.0/lib/node_modules/firebase-tools/node_modules/request/request.js:1154:10)
    at Request.emit (events.js:314:20)
    at Request.EventEmitter.emit (domain.js:486:12)
    at IncomingMessage.<anonymous> (/home/shaya/.nvm/versions/node/v14.9.0/lib/node_modules/firebase-tools/node_modules/request/request.js:1076:12)
    at Object.onceWrapper (events.js:420:28)
    at IncomingMessage.emit (events.js:326:22)
    at IncomingMessage.EventEmitter.emit (domain.js:486:12)
    at endReadableNT (_stream_readable.js:1244:12)
    at processTicksAndRejections (internal/process/task_queues.js:80:21)
[error] 
[error] Error: Failed to get Firebase project mindful-peak-performance-7c8d4. Please make sure the project exists and your account has permission to access it.
